<?xml version="1.0" encoding="UTF-8"?>
<testsuite xmlns:xsi="http://www.w3.org/2001/XMLSchema-instance" xsi:noNamespaceSchemaLocation="https://maven.apache.org/surefire/maven-surefire-plugin/xsd/surefire-test-report.xsd" name="LoginTest" time="23.403" tests="4" errors="0" skipped="0" failures="0">
  <properties>
[...]
</properties>
  <testcase name="loginFromMainPageUsingCentralButton" classname="LoginTest" time="4.197"/>
  <testcase name="loginFromRegistrationPage" classname="LoginTest" time="3.708"/>
  <testcase name="loginFromMainPageUsingButtonFromHeader" classname="LoginTest" time="11.228"/>
  <testcase name="loginFromForgotPasswordPage" classname="LoginTest" time="4.266"/>
</testsuite>